<?xml version="1.0" encoding="UTF-8"?>
<!-- Generated by org.testng.reporters.JUnitReportReporter -->
<testsuite hostname="ASUS" failures="0" tests="5" name="testCases.TC_003_LoginDDT" time="36.944" errors="0" timestamp="2024-02-03T20:22:57 IST" skipped="0">
  <testcase classname="testCases.TC_003_LoginDDT" name="verify_loginDDT" time="11.091"/>
  <testcase classname="testCases.TC_003_LoginDDT" name="verify_loginDDT" time="11.154"/>
  <testcase classname="testCases.TC_003_LoginDDT" name="verify_loginDDT" time="1.602"/>
  <testcase classname="testCases.TC_003_LoginDDT" name="verify_loginDDT" time="1.876"/>
  <testcase classname="testCases.TC_003_LoginDDT" name="verify_loginDDT" time="11.221"/>
</testsuite> <!-- testCases.TC_003_LoginDDT -->
