<?xml version="1.0" encoding="UTF-8"?>
<!-- Generated by org.testng.reporters.JUnitReportReporter -->
<testsuite hostname="ASUS" failures="0" tests="5" name="testCases.TC_003_LoginDDT" time="36.734" errors="0" timestamp="2024-01-23T21:52:46 IST" skipped="0">
  <testcase classname="testCases.TC_003_LoginDDT" name="verify_loginDDT" time="11.103"/>
  <testcase classname="testCases.TC_003_LoginDDT" name="verify_loginDDT" time="11.309"/>
  <testcase classname="testCases.TC_003_LoginDDT" name="verify_loginDDT" time="1.693"/>
  <testcase classname="testCases.TC_003_LoginDDT" name="verify_loginDDT" time="10.992"/>
  <testcase classname="testCases.TC_003_LoginDDT" name="verify_loginDDT" time="1.637"/>
</testsuite> <!-- testCases.TC_003_LoginDDT -->
