<?xml version="1.0" encoding="UTF-8"?>
<!-- Generated by org.testng.reporters.JUnitReportReporter -->
<testsuite hostname="ASUS" failures="0" tests="5" name="testCases.TC_003_LoginDDT" time="34.447" errors="0" timestamp="2024-01-29T20:10:41 IST" skipped="0">
  <testcase classname="testCases.TC_003_LoginDDT" name="verify_loginDDT" time="1.405"/>
  <testcase classname="testCases.TC_003_LoginDDT" name="verify_loginDDT" time="0.984"/>
  <testcase classname="testCases.TC_003_LoginDDT" name="verify_loginDDT" time="10.651"/>
  <testcase classname="testCases.TC_003_LoginDDT" name="verify_loginDDT" time="10.713"/>
  <testcase classname="testCases.TC_003_LoginDDT" name="verify_loginDDT" time="10.694"/>
</testsuite> <!-- testCases.TC_003_LoginDDT -->
