<?xml version="1.0" encoding="UTF-8"?>
<!-- Generated by org.testng.reporters.JUnitReportReporter -->
<testsuite hostname="ASUS" failures="0" tests="1" name="testCases.TC_002_LoginTest" time="1.927" errors="0" timestamp="2024-02-20T09:54:18 IST" skipped="0">
  <testcase classname="testCases.TC_002_LoginTest" name="verify_login" time="1.927"/>
</testsuite> <!-- testCases.TC_002_LoginTest -->
