<?xml version="1.0" encoding="UTF-8"?>
<!-- Generated by org.testng.reporters.JUnitReportReporter -->
<testsuite hostname="ASUS" failures="0" tests="1" name="testCases.TC_001_Account_RegistrationTest" time="3.864" errors="0" timestamp="2024-01-29T20:10:41 IST" skipped="0">
  <testcase classname="testCases.TC_001_Account_RegistrationTest" name="verify_account_registration" time="3.864"/>
</testsuite> <!-- testCases.TC_001_Account_RegistrationTest -->
