<?xml version="1.0" encoding="UTF-8"?>
<!-- Generated by org.testng.reporters.JUnitReportReporter -->
<testsuite hostname="ASUS" failures="0" tests="5" name="testCases.TC_003_LoginDDT" time="36.795" errors="0" timestamp="2024-02-20T09:54:18 IST" skipped="0">
  <testcase classname="testCases.TC_003_LoginDDT" name="verify_loginDDT" time="1.671"/>
  <testcase classname="testCases.TC_003_LoginDDT" name="verify_loginDDT" time="1.870"/>
  <testcase classname="testCases.TC_003_LoginDDT" name="verify_loginDDT" time="11.110"/>
  <testcase classname="testCases.TC_003_LoginDDT" name="verify_loginDDT" time="10.985"/>
  <testcase classname="testCases.TC_003_LoginDDT" name="verify_loginDDT" time="11.159"/>
</testsuite> <!-- testCases.TC_003_LoginDDT -->
